[20:14:32] [ServerMain/INFO]: [bootstrap] Running Java 21 (OpenJDK 64-Bit Server VM 21.0.8+9-Debian-1; Debian null) on Linux 6.12.47+rpt-rpi-2712 (aarch64)
[20:14:32] [ServerMain/INFO]: [bootstrap] Loading Paper 1.21.10-113-main@9fc21bc (2025-11-14T16:11:13Z) for Minecraft 1.21.10
[20:14:33] [ServerMain/INFO]: [PluginInitializerManager] Initializing plugins...
[20:14:33] [ServerMain/INFO]: [PluginInitializerManager] Initialized 0 plugins
[20:14:41] [ServerMain/INFO]: Environment: Environment[sessionHost=https://sessionserver.mojang.com, servicesHost=https://api.minecraftservices.com, profilesHost=https://api.mojang.com, name=PROD]
[20:14:44] [ServerMain/INFO]: Loaded 1461 recipes
[20:14:44] [ServerMain/INFO]: Loaded 1574 advancements
[20:14:44] [ServerMain/INFO]: [ca.spottedleaf.dataconverter.minecraft.datatypes.MCTypeRegistry] Initialising converters for DataConverter...
[20:14:45] [ServerMain/INFO]: [ca.spottedleaf.dataconverter.minecraft.datatypes.MCTypeRegistry] Finished initialising converters for DataConverter in 572.0ms
[20:14:45] [Server thread/INFO]: Starting minecraft server version 1.21.10
[20:14:45] [Server thread/INFO]: Loading properties
[20:14:45] [Server thread/INFO]: This server is running Paper version 1.21.10-113-main@9fc21bc (2025-11-14T16:11:13Z) (Implementing API version 1.21.10-R0.1-SNAPSHOT)
[20:14:45] [Server thread/INFO]: [spark] This server bundles the spark profiler. For more information please visit https://docs.papermc.io/paper/profiling
[20:14:45] [Server thread/INFO]: Server Ping Player Sample Count: 12
[20:14:45] [Server thread/INFO]: Using 4 threads for Netty based IO
[20:14:46] [Server thread/INFO]: [MoonriseCommon] Paper is using 1 worker threads, 1 I/O threads
[20:14:47] [Server thread/INFO]: Default game type: SURVIVAL
[20:14:47] [Server thread/INFO]: Generating keypair
[20:14:47] [Server thread/INFO]: Starting Minecraft server on *:25565
[20:14:47] [Server thread/INFO]: Using epoll channel type
[20:14:47] [Server thread/INFO]: Paper: Using libdeflate (Linux aarch64) compression from Velocity.
[20:14:47] [Server thread/INFO]: Paper: Using OpenSSL 3.x.x (Linux aarch64) cipher from Velocity.
[20:14:47] [Server thread/INFO]: Server permissions file permissions.yml is empty, ignoring it
[20:14:47] [Server thread/WARN]: **** SERVER IS RUNNING IN OFFLINE/INSECURE MODE!
[20:14:47] [Server thread/WARN]: The server will make no attempt to authenticate usernames. Beware.
[20:14:47] [Server thread/WARN]: While this makes the game possible to play without internet access, it also opens up the ability for hackers to connect with any username they choose.
[20:14:47] [Server thread/WARN]: To change this, set "online-mode" to "true" in the server.properties file.
[20:14:47] [Server thread/INFO]: Preparing level "world"
[20:14:47] [Server thread/INFO]: Loading 0 persistent chunks for world 'minecraft:overworld'...
[20:14:47] [Server thread/INFO]: Preparing spawn area: 100%
[20:14:47] [Server thread/INFO]: Prepared spawn area in 2 ms
[20:14:47] [Server thread/INFO]: Loading 0 persistent chunks for world 'minecraft:the_nether'...
[20:14:47] [Server thread/INFO]: Preparing spawn area: 100%
[20:14:47] [Server thread/INFO]: Prepared spawn area in 1 ms
[20:14:47] [Server thread/INFO]: Loading 0 persistent chunks for world 'minecraft:the_end'...
[20:14:47] [Server thread/INFO]: Preparing spawn area: 100%
[20:14:47] [Server thread/INFO]: Prepared spawn area in 1 ms
[20:14:47] [Server thread/INFO]: Done preparing level "world" (0.675s)
[20:14:48] [Server thread/INFO]: [spark] Starting background profiler...
[20:14:48] [Server thread/INFO]: Running delayed init tasks
[20:14:48] [Server thread/INFO]: Done (16.894s)! For help, type "help"
[20:17:35] [User Authenticator #0/INFO]: UUID of player topvsc is 0c927379-85f3-31ef-8760-f8ab38297052
[20:17:38] [Server thread/INFO]: topvsc joined the game
[20:17:38] [Server thread/INFO]: topvsc[/127.27.177.205:51053] logged in with entity id 60 at ([world]-537.5934126450508, 70.0, 527.730930519956)
[20:17:51] [Server thread/INFO]: topvsc has completed the challenge [Cover Me in Debris]
[20:18:07] [Server thread/INFO]: topvsc has reached the goal [Sky's the Limit]
[20:19:01] [User Authenticator #1/INFO]: UUID of player rlcstypeisgay is 0607d5e0-5b26-3117-af3c-ed83cae396fa
[20:19:02] [Server thread/INFO]: rlcstypeisgay joined the game
[20:19:02] [Server thread/INFO]: rlcstypeisgay[/192.168.178.27:41430] logged in with entity id 391 at ([world]-561.8905430677448, 63.0, 513.7672587883711)
[20:19:21] [Server thread/INFO]: An entity is required to run this command here
[20:19:24] [Server thread/INFO]: No entity was found
[20:19:26] [Server thread/INFO]: Unknown or incomplete command. See below for error
killall<--[HERE]
[20:19:29] [Server thread/INFO]: An entity is required to run this command here
[20:19:32] [Server thread/INFO]: Incorrect argument for command
kill all all<--[HERE]
[20:19:35] [Server thread/INFO]: Unknown or incomplete command. See below for error
killall all<--[HERE]
[20:20:04] [Server thread/INFO]: topvsc was killed
[20:20:04] [Server thread/INFO]: Killed topvsc
[20:20:52] [Server thread/INFO]: topvsc issued server command: /kill
[20:21:00] [Async Chat Thread - #0/INFO]: [Not Secure] <topvsc> ./kill rlcstype is gay
[20:22:10] [Server thread/INFO]: topvsc issued server command: /
[20:22:34] [Server thread/INFO]: topvsc issued server command: /ah
[20:24:06] [Server thread/INFO]: rlcstypeisgay has made the advancement [Not Quite "Nine" Lives]
[20:30:30] [Server thread/INFO]: Unknown or incomplete command. See below for error
gamemode<--[HERE]
[20:30:41] [Server thread/INFO]: Set topvsc's game mode to Survival Mode
[20:30:52] [Server thread/INFO]: Set rlcstypeisgay's game mode to Survival Mode
[20:31:43] [Server thread/INFO]: rlcstypeisgay fell from a high place
[20:32:25] [Server thread/INFO]: Unknown or incomplete command. See below for error
[AG<--[HERE]
[20:32:33] [Server thread/INFO]: Unknown or incomplete command. See below for error
gamm<--[HERE]
[20:32:35] [Server thread/INFO]: Unknown or incomplete command. See below for error
g<--[HERE]
[20:32:40] [Server thread/INFO]: Unknown game mode: su
...amemode su<--[HERE]
[20:32:49] [Server thread/INFO]: Set rlcstypeisgay's game mode to Creative Mode
[20:33:04] [Server thread/INFO]: Unknown or incomplete command. See below for error
tp<--[HERE]
[20:33:13] [Server thread/INFO]: An entity is required to run this command here
[20:33:15] [Server thread/INFO]: Unknown or incomplete command. See below for error
t<--[HERE]
[20:33:17] [Server thread/INFO]: Unknown or incomplete command. See below for error
teleport<--[HERE]
[20:34:42] [Server thread/INFO]: topvsc has reached the goal [Postmortal]
[20:38:08] [Server thread/INFO]: Unknown or incomplete command. See below for error
GAM<--[HERE]
[20:38:18] [Server thread/INFO]: Set rlcstypeisgay's game mode to Survival Mode
[20:38:52] [Server thread/INFO]: rlcstypeisgay fell from a high place
[20:39:28] [Server thread/INFO]: rlcstypeisgay was killed by [Intentional Game Design]
[20:39:39] [Server thread/INFO]: An entity is required to run this command here
[20:39:44] [Server thread/INFO]: topvsc was killed
[20:39:44] [Server thread/INFO]: Killed topvsc
[20:40:29] [Server thread/INFO]: rlcstypeisgay lost connection: Disconnected
[20:40:29] [Server thread/INFO]: rlcstypeisgay left the game
[20:41:22] [Server thread/INFO]: topvsc lost connection: Disconnected
[20:41:22] [Server thread/INFO]: topvsc left the game
[20:41:32] [Server thread/INFO]: Stopping server
[20:41:32] [Server thread/INFO]: Saving players
[20:41:33] [Server thread/INFO]: Saving worlds
[20:41:33] [Server thread/INFO]: Saving chunks for level 'ServerLevel[world]'/minecraft:overworld
[20:41:33] [Server thread/INFO]: [ChunkHolderManager] Waiting 60s for chunk system to halt for world 'world'
[20:41:33] [Server thread/INFO]: [ChunkHolderManager] Halted chunk system for world 'world'
[20:41:33] [Server thread/INFO]: [ChunkHolderManager] Saving all chunkholders for world 'world'
[20:41:33] [Server thread/INFO]: [ChunkHolderManager] Saved 140 block chunks, 117 entity chunks, 0 poi chunks in world 'world' in 0.62s
[20:41:33] [Server thread/INFO]: [ChunkHolderManager] Waiting 60s for chunk I/O to halt for world 'world'
[20:41:33] [Server thread/INFO]: [ChunkHolderManager] Halted I/O scheduler for world 'world'
[20:41:33] [Server thread/INFO]: Saving chunks for level 'ServerLevel[world_nether]'/minecraft:the_nether
[20:41:33] [Server thread/INFO]: [ChunkHolderManager] Waiting 60s for chunk system to halt for world 'world_nether'
[20:41:33] [Server thread/INFO]: [ChunkHolderManager] Halted chunk system for world 'world_nether'
[20:41:33] [Server thread/INFO]: [ChunkHolderManager] Saving all chunkholders for world 'world_nether'
[20:41:33] [Server thread/INFO]: [ChunkHolderManager] Saved 0 block chunks, 0 entity chunks, 0 poi chunks in world 'world_nether' in 0.00s
[20:41:33] [Server thread/INFO]: [ChunkHolderManager] Waiting 60s for chunk I/O to halt for world 'world_nether'
[20:41:33] [Server thread/INFO]: [ChunkHolderManager] Halted I/O scheduler for world 'world_nether'
[20:41:33] [Server thread/INFO]: Saving chunks for level 'ServerLevel[world_the_end]'/minecraft:the_end
[20:41:33] [Server thread/INFO]: [ChunkHolderManager] Waiting 60s for chunk system to halt for world 'world_the_end'
[20:41:33] [Server thread/INFO]: [ChunkHolderManager] Halted chunk system for world 'world_the_end'
[20:41:33] [Server thread/INFO]: [ChunkHolderManager] Saving all chunkholders for world 'world_the_end'
[20:41:33] [Server thread/INFO]: [ChunkHolderManager] Saved 0 block chunks, 0 entity chunks, 0 poi chunks in world 'world_the_end' in 0.00s
[20:41:33] [Server thread/INFO]: [ChunkHolderManager] Waiting 60s for chunk I/O to halt for world 'world_the_end'
[20:41:33] [Server thread/INFO]: [ChunkHolderManager] Halted I/O scheduler for world 'world_the_end'
[20:41:33] [Server thread/INFO]: ThreadedAnvilChunkStorage (world): All chunks are saved
[20:41:33] [Server thread/INFO]: ThreadedAnvilChunkStorage (DIM-1): All chunks are saved
[20:41:33] [Server thread/INFO]: ThreadedAnvilChunkStorage (DIM1): All chunks are saved
[20:41:33] [Server thread/INFO]: ThreadedAnvilChunkStorage: All dimensions are saved
[20:41:33] [Server thread/INFO]: Waiting for all RegionFile I/O tasks to complete...
[20:41:33] [Server thread/INFO]: All RegionFile I/O tasks to complete
[20:41:33] [Server thread/INFO]: [MoonriseCommon] Awaiting termination of worker pool for up to 60s...
[20:41:33] [Server thread/INFO]: [MoonriseCommon] Awaiting termination of I/O pool for up to 60s...
